2024-11-04T20:29:04.707-05:00  INFO 30592 --- [msvc-gateway] [main] c.m.g.MicroserviceGatewayApplication     : Starting MicroserviceGatewayApplication using Java 22 with PID 30592 (C:\Users\Usuario\Desktop\Nueva carpeta\Microservices\microservice-gateway\target\classes started by Usuario in C:\Users\Usuario\Desktop\Nueva carpeta\Microservices)
2024-11-04T20:29:04.775-05:00  INFO 30592 --- [msvc-gateway] [main] c.m.g.MicroserviceGatewayApplication     : The following 1 profile is active: "oauth2"
2024-11-04T20:29:04.829-05:00  INFO 30592 --- [msvc-gateway] [main] o.s.c.c.c.ConfigServerConfigDataLoader   : Fetching config from server at : http://localhost:8888
2024-11-04T20:29:04.830-05:00  INFO 30592 --- [msvc-gateway] [main] o.s.c.c.c.ConfigServerConfigDataLoader   : Exception on Url - http://localhost:8888:org.springframework.web.client.ResourceAccessException: I/O error on GET request for "http://localhost:8888/msvc-gateway/default": Connection refused: getsockopt. Will be trying the next url if available
2024-11-04T20:29:04.831-05:00  WARN 30592 --- [msvc-gateway] [main] o.s.c.c.c.ConfigServerConfigDataLoader   : Could not locate PropertySource ([ConfigServerConfigDataResource@7e1a1da6 uris = array<String>['http://localhost:8888'], optional = true, profiles = 'default']): I/O error on GET request for "http://localhost:8888/msvc-gateway/default": Connection refused: getsockopt
2024-11-04T20:29:04.831-05:00  INFO 30592 --- [msvc-gateway] [main] o.s.c.c.c.ConfigServerConfigDataLoader   : Fetching config from server at : http://localhost:8888
2024-11-04T20:29:04.831-05:00  INFO 30592 --- [msvc-gateway] [main] o.s.c.c.c.ConfigServerConfigDataLoader   : Exception on Url - http://localhost:8888:org.springframework.web.client.ResourceAccessException: I/O error on GET request for "http://localhost:8888/msvc-gateway/oauth2": Connection refused: getsockopt. Will be trying the next url if available
2024-11-04T20:29:04.831-05:00  WARN 30592 --- [msvc-gateway] [main] o.s.c.c.c.ConfigServerConfigDataLoader   : Could not locate PropertySource ([ConfigServerConfigDataResource@37cd92d6 uris = array<String>['http://localhost:8888'], optional = true, profiles = 'oauth2']): I/O error on GET request for "http://localhost:8888/msvc-gateway/oauth2": Connection refused: getsockopt
2024-11-04T20:29:04.831-05:00  INFO 30592 --- [msvc-gateway] [main] o.s.c.c.c.ConfigServerConfigDataLoader   : Fetching config from server at : http://localhost:8888
2024-11-04T20:29:04.831-05:00  INFO 30592 --- [msvc-gateway] [main] o.s.c.c.c.ConfigServerConfigDataLoader   : Exception on Url - http://localhost:8888:org.springframework.web.client.ResourceAccessException: I/O error on GET request for "http://localhost:8888/msvc-gateway/default": Connection refused: getsockopt. Will be trying the next url if available
2024-11-04T20:29:04.831-05:00  WARN 30592 --- [msvc-gateway] [main] o.s.c.c.c.ConfigServerConfigDataLoader   : Could not locate PropertySource ([ConfigServerConfigDataResource@5922ae77 uris = array<String>['http://localhost:8888'], optional = true, profiles = 'default']): I/O error on GET request for "http://localhost:8888/msvc-gateway/default": Connection refused: getsockopt
2024-11-04T20:29:06.195-05:00  INFO 30592 --- [msvc-gateway] [main] o.s.cloud.context.scope.GenericScope     : BeanFactory id=4c03199c-c3ab-3b27-8d01-736d7b32d2f6
2024-11-04T20:29:06.281-05:00  WARN 30592 --- [msvc-gateway] [main] trationDelegate$BeanPostProcessorChecker : Bean 'org.springframework.cloud.client.loadbalancer.LoadBalancerAutoConfiguration$DeferringLoadBalancerInterceptorConfig' of type [org.springframework.cloud.client.loadbalancer.LoadBalancerAutoConfiguration$DeferringLoadBalancerInterceptorConfig] is not eligible for getting processed by all BeanPostProcessors (for example: not eligible for auto-proxying). The currently created BeanPostProcessor [lbRestClientPostProcessor] is declared through a non-static factory method on that class; consider declaring it as static instead.
2024-11-04T20:29:06.284-05:00  WARN 30592 --- [msvc-gateway] [main] trationDelegate$BeanPostProcessorChecker : Bean 'deferringLoadBalancerInterceptor' of type [org.springframework.cloud.client.loadbalancer.DeferringLoadBalancerInterceptor] is not eligible for getting processed by all BeanPostProcessors (for example: not eligible for auto-proxying). Is this bean getting eagerly injected/applied to a currently created BeanPostProcessor [lbRestClientPostProcessor]? Check the corresponding BeanPostProcessor declaration and its dependencies/advisors. If this bean does not have to be post-processed, declare it with ROLE_INFRASTRUCTURE.
2024-11-04T20:29:06.287-05:00  WARN 30592 --- [msvc-gateway] [main] trationDelegate$BeanPostProcessorChecker : Bean 'org.springframework.cloud.client.loadbalancer.reactive.LoadBalancerBeanPostProcessorAutoConfiguration' of type [org.springframework.cloud.client.loadbalancer.reactive.LoadBalancerBeanPostProcessorAutoConfiguration] is not eligible for getting processed by all BeanPostProcessors (for example: not eligible for auto-proxying). The currently created BeanPostProcessor [loadBalancerWebClientBuilderBeanPostProcessor] is declared through a non-static factory method on that class; consider declaring it as static instead.
2024-11-04T20:29:06.288-05:00  WARN 30592 --- [msvc-gateway] [main] trationDelegate$BeanPostProcessorChecker : Bean 'org.springframework.cloud.client.loadbalancer.reactive.LoadBalancerBeanPostProcessorAutoConfiguration$ReactorDeferringLoadBalancerFilterConfig' of type [org.springframework.cloud.client.loadbalancer.reactive.LoadBalancerBeanPostProcessorAutoConfiguration$ReactorDeferringLoadBalancerFilterConfig] is not eligible for getting processed by all BeanPostProcessors (for example: not eligible for auto-proxying). Is this bean getting eagerly injected/applied to a currently created BeanPostProcessor [loadBalancerWebClientBuilderBeanPostProcessor]? Check the corresponding BeanPostProcessor declaration and its dependencies/advisors. If this bean does not have to be post-processed, declare it with ROLE_INFRASTRUCTURE.
2024-11-04T20:29:06.290-05:00  WARN 30592 --- [msvc-gateway] [main] trationDelegate$BeanPostProcessorChecker : Bean 'reactorDeferringLoadBalancerExchangeFilterFunction' of type [org.springframework.cloud.client.loadbalancer.reactive.DeferringLoadBalancerExchangeFilterFunction] is not eligible for getting processed by all BeanPostProcessors (for example: not eligible for auto-proxying). Is this bean getting eagerly injected/applied to a currently created BeanPostProcessor [loadBalancerWebClientBuilderBeanPostProcessor]? Check the corresponding BeanPostProcessor declaration and its dependencies/advisors. If this bean does not have to be post-processed, declare it with ROLE_INFRASTRUCTURE.
2024-11-04T20:29:07.305-05:00  INFO 30592 --- [msvc-gateway] [main] o.s.c.g.r.RouteDefinitionRouteLocator    : Loaded RoutePredicateFactory [After]
2024-11-04T20:29:07.305-05:00  INFO 30592 --- [msvc-gateway] [main] o.s.c.g.r.RouteDefinitionRouteLocator    : Loaded RoutePredicateFactory [Before]
2024-11-04T20:29:07.306-05:00  INFO 30592 --- [msvc-gateway] [main] o.s.c.g.r.RouteDefinitionRouteLocator    : Loaded RoutePredicateFactory [Between]
2024-11-04T20:29:07.306-05:00  INFO 30592 --- [msvc-gateway] [main] o.s.c.g.r.RouteDefinitionRouteLocator    : Loaded RoutePredicateFactory [Cookie]
2024-11-04T20:29:07.306-05:00  INFO 30592 --- [msvc-gateway] [main] o.s.c.g.r.RouteDefinitionRouteLocator    : Loaded RoutePredicateFactory [Header]
2024-11-04T20:29:07.306-05:00  INFO 30592 --- [msvc-gateway] [main] o.s.c.g.r.RouteDefinitionRouteLocator    : Loaded RoutePredicateFactory [Host]
2024-11-04T20:29:07.306-05:00  INFO 30592 --- [msvc-gateway] [main] o.s.c.g.r.RouteDefinitionRouteLocator    : Loaded RoutePredicateFactory [Method]
2024-11-04T20:29:07.306-05:00  INFO 30592 --- [msvc-gateway] [main] o.s.c.g.r.RouteDefinitionRouteLocator    : Loaded RoutePredicateFactory [Path]
2024-11-04T20:29:07.306-05:00  INFO 30592 --- [msvc-gateway] [main] o.s.c.g.r.RouteDefinitionRouteLocator    : Loaded RoutePredicateFactory [Query]
2024-11-04T20:29:07.307-05:00  INFO 30592 --- [msvc-gateway] [main] o.s.c.g.r.RouteDefinitionRouteLocator    : Loaded RoutePredicateFactory [ReadBody]
2024-11-04T20:29:07.307-05:00  INFO 30592 --- [msvc-gateway] [main] o.s.c.g.r.RouteDefinitionRouteLocator    : Loaded RoutePredicateFactory [RemoteAddr]
2024-11-04T20:29:07.307-05:00  INFO 30592 --- [msvc-gateway] [main] o.s.c.g.r.RouteDefinitionRouteLocator    : Loaded RoutePredicateFactory [XForwardedRemoteAddr]
2024-11-04T20:29:07.307-05:00  INFO 30592 --- [msvc-gateway] [main] o.s.c.g.r.RouteDefinitionRouteLocator    : Loaded RoutePredicateFactory [Weight]
2024-11-04T20:29:07.307-05:00  INFO 30592 --- [msvc-gateway] [main] o.s.c.g.r.RouteDefinitionRouteLocator    : Loaded RoutePredicateFactory [CloudFoundryRouteService]
2024-11-04T20:29:07.596-05:00  INFO 30592 --- [msvc-gateway] [main] o.s.b.a.e.web.EndpointLinksResolver      : Exposing 1 endpoint beneath base path '/actuator'
2024-11-04T20:29:07.913-05:00  INFO 30592 --- [msvc-gateway] [main] DiscoveryClientOptionalArgsConfiguration : Eureka HTTP Client uses RestTemplate.
2024-11-04T20:29:07.942-05:00  WARN 30592 --- [msvc-gateway] [main] iguration$LoadBalancerCaffeineWarnLogger : Spring Cloud LoadBalancer is currently working with the default cache. While this cache implementation is useful for development and tests, it's recommended to use Caffeine cache in production.You can switch to using Caffeine cache, by adding it and org.springframework.cache.caffeine.CaffeineCacheManager to the classpath.
2024-11-04T20:29:08.002-05:00  INFO 30592 --- [msvc-gateway] [main] o.s.c.n.eureka.InstanceInfoFactory       : Setting initial instance status as: STARTING
2024-11-04T20:29:08.026-05:00  INFO 30592 --- [msvc-gateway] [main] com.netflix.discovery.DiscoveryClient    : Initializing Eureka in region us-east-1
2024-11-04T20:29:08.031-05:00  INFO 30592 --- [msvc-gateway] [main] c.n.d.s.r.aws.ConfigClusterResolver      : Resolving eureka endpoints via configuration
2024-11-04T20:29:08.044-05:00  INFO 30592 --- [msvc-gateway] [main] com.netflix.discovery.DiscoveryClient    : Disable delta property : false
2024-11-04T20:29:08.044-05:00  INFO 30592 --- [msvc-gateway] [main] com.netflix.discovery.DiscoveryClient    : Single vip registry refresh property : null
2024-11-04T20:29:08.045-05:00  INFO 30592 --- [msvc-gateway] [main] com.netflix.discovery.DiscoveryClient    : Force full registry fetch : false
2024-11-04T20:29:08.045-05:00  INFO 30592 --- [msvc-gateway] [main] com.netflix.discovery.DiscoveryClient    : Application is null : false
2024-11-04T20:29:08.045-05:00  INFO 30592 --- [msvc-gateway] [main] com.netflix.discovery.DiscoveryClient    : Registered Applications size is zero : true
2024-11-04T20:29:08.045-05:00  INFO 30592 --- [msvc-gateway] [main] com.netflix.discovery.DiscoveryClient    : Application version is -1: true
2024-11-04T20:29:08.045-05:00  INFO 30592 --- [msvc-gateway] [main] com.netflix.discovery.DiscoveryClient    : Getting all instance registry info from the eureka server
2024-11-04T20:29:08.376-05:00  INFO 30592 --- [msvc-gateway] [main] com.netflix.discovery.DiscoveryClient    : The response status is 200
2024-11-04T20:29:08.377-05:00  INFO 30592 --- [msvc-gateway] [main] com.netflix.discovery.DiscoveryClient    : Starting heartbeat executor: renew interval is: 30
2024-11-04T20:29:08.379-05:00  INFO 30592 --- [msvc-gateway] [main] c.n.discovery.InstanceInfoReplicator     : InstanceInfoReplicator onDemand update allowed rate per min is 4
2024-11-04T20:29:08.380-05:00  INFO 30592 --- [msvc-gateway] [main] com.netflix.discovery.DiscoveryClient    : Discovery Client initialized at timestamp 1730770148380 with initial instances count: 0
2024-11-04T20:29:08.383-05:00  INFO 30592 --- [msvc-gateway] [main] o.s.c.n.e.s.EurekaServiceRegistry        : Registering application MSVC-GATEWAY with eureka with status UP
2024-11-04T20:29:08.383-05:00  INFO 30592 --- [msvc-gateway] [main] com.netflix.discovery.DiscoveryClient    : Saw local status change event StatusChangeEvent [timestamp=1730770148383, current=UP, previous=STARTING]
2024-11-04T20:29:08.384-05:00  INFO 30592 --- [msvc-gateway] [DiscoveryClient-InstanceInfoReplicator-%d] com.netflix.discovery.DiscoveryClient    : DiscoveryClient_MSVC-GATEWAY/host.docker.internal:msvc-gateway:8080: registering service...
2024-11-04T20:29:08.463-05:00  INFO 30592 --- [msvc-gateway] [DiscoveryClient-InstanceInfoReplicator-%d] com.netflix.discovery.DiscoveryClient    : DiscoveryClient_MSVC-GATEWAY/host.docker.internal:msvc-gateway:8080 - registration status: 204
2024-11-04T20:29:08.540-05:00  INFO 30592 --- [msvc-gateway] [main] o.s.b.web.embedded.netty.NettyWebServer  : Netty started on port 8080 (http)
2024-11-04T20:29:08.542-05:00  INFO 30592 --- [msvc-gateway] [main] .s.c.n.e.s.EurekaAutoServiceRegistration : Updating port to 8080
2024-11-04T20:29:08.562-05:00  INFO 30592 --- [msvc-gateway] [main] c.m.g.MicroserviceGatewayApplication     : Started MicroserviceGatewayApplication in 4.683 seconds (process running for 5.164)
2024-11-04T20:29:38.378-05:00  INFO 30592 --- [msvc-gateway] [DiscoveryClient-CacheRefreshExecutor-%d] com.netflix.discovery.DiscoveryClient    : Disable delta property : false
2024-11-04T20:29:38.378-05:00  INFO 30592 --- [msvc-gateway] [DiscoveryClient-CacheRefreshExecutor-%d] com.netflix.discovery.DiscoveryClient    : Single vip registry refresh property : null
2024-11-04T20:29:38.379-05:00  INFO 30592 --- [msvc-gateway] [DiscoveryClient-CacheRefreshExecutor-%d] com.netflix.discovery.DiscoveryClient    : Force full registry fetch : false
2024-11-04T20:29:38.379-05:00  INFO 30592 --- [msvc-gateway] [DiscoveryClient-CacheRefreshExecutor-%d] com.netflix.discovery.DiscoveryClient    : Application is null : false
2024-11-04T20:29:38.379-05:00  INFO 30592 --- [msvc-gateway] [DiscoveryClient-CacheRefreshExecutor-%d] com.netflix.discovery.DiscoveryClient    : Registered Applications size is zero : true
2024-11-04T20:29:38.379-05:00  INFO 30592 --- [msvc-gateway] [DiscoveryClient-CacheRefreshExecutor-%d] com.netflix.discovery.DiscoveryClient    : Application version is -1: false
2024-11-04T20:29:38.379-05:00  INFO 30592 --- [msvc-gateway] [DiscoveryClient-CacheRefreshExecutor-%d] com.netflix.discovery.DiscoveryClient    : Getting all instance registry info from the eureka server
2024-11-04T20:29:38.409-05:00  INFO 30592 --- [msvc-gateway] [DiscoveryClient-CacheRefreshExecutor-%d] com.netflix.discovery.DiscoveryClient    : The response status is 200
2024-11-04T20:34:08.056-05:00  INFO 30592 --- [msvc-gateway] [AsyncResolver-bootstrap-executor-%d] c.n.d.s.r.aws.ConfigClusterResolver      : Resolving eureka endpoints via configuration
2024-11-04T20:39:08.067-05:00  INFO 30592 --- [msvc-gateway] [AsyncResolver-bootstrap-executor-%d] c.n.d.s.r.aws.ConfigClusterResolver      : Resolving eureka endpoints via configuration
2024-11-04T20:44:08.081-05:00  INFO 30592 --- [msvc-gateway] [AsyncResolver-bootstrap-executor-%d] c.n.d.s.r.aws.ConfigClusterResolver      : Resolving eureka endpoints via configuration
